0 info it worked if it ends with ok
1 verbose cli [ 'C:\\Program Files\\nodejs\\node.exe',
1 verbose cli   'C:\\Users\\Administrator\\AppData\\Roaming\\npm\\node_modules\\npm\\bin\\npm-cli.js',
1 verbose cli   'install',
1 verbose cli   '--save-dev',
1 verbose cli   'webpack.NoErrorsPlugin' ]
2 info using npm@3.10.9
3 info using node@v10.11.0
4 silly loadCurrentTree Starting
5 silly install loadCurrentTree
6 silly install readLocalPackageData
7 silly fetchPackageMetaData webpack.NoErrorsPlugin
8 silly fetchNamedPackageData webpack.NoErrorsPlugin
9 silly mapToRegistry name webpack.NoErrorsPlugin
10 silly mapToRegistry using default registry
11 silly mapToRegistry registry https://registry.npm.taobao.org/
12 silly mapToRegistry data Result {
12 silly mapToRegistry   raw: 'webpack.NoErrorsPlugin',
12 silly mapToRegistry   scope: null,
12 silly mapToRegistry   escapedName: 'webpack.NoErrorsPlugin',
12 silly mapToRegistry   name: 'webpack.NoErrorsPlugin',
12 silly mapToRegistry   rawSpec: '',
12 silly mapToRegistry   spec: 'latest',
12 silly mapToRegistry   type: 'tag' }
13 silly mapToRegistry uri https://registry.npm.taobao.org/webpack.NoErrorsPlugin
14 verbose request uri https://registry.npm.taobao.org/webpack.NoErrorsPlugin
15 verbose request no auth needed
16 info attempt registry request try #1 at 11:02:57 PM
17 verbose request id 03143e83b92c84ec
18 http request GET https://registry.npm.taobao.org/webpack.NoErrorsPlugin
19 http 404 https://registry.npm.taobao.org/webpack.NoErrorsPlugin
20 verbose headers { date: 'Mon, 08 Oct 2018 15:03:28 GMT',
20 verbose headers   'content-type': 'application/json',
20 verbose headers   'content-length': '21',
20 verbose headers   connection: 'keep-alive',
20 verbose headers   'set-cookie':
20 verbose headers    [ '__cfduid=d2110463fc5c3fefca92811ecf26fe0911539011008; expires=Tue, 08-Oct-19 15:03:28 GMT; path=/; domain=.registry.npmjs.com; HttpOnly' ],
20 verbose headers   'cf-cache-status': 'MISS',
20 verbose headers   'cache-control': 'max-age=300',
20 verbose headers   'cf-ray': '46697e906a3b78b0-LAX',
20 verbose headers   'expect-ct':
20 verbose headers    'max-age=604800, report-uri="https://report-uri.cloudflare.com/cdn-cgi/beacon/expect-ct"',
20 verbose headers   vary: 'accept-encoding, accept',
20 verbose headers   server: 'cloudflare' }
21 silly get cb [ 404,
21 silly get   { date: 'Mon, 08 Oct 2018 15:03:28 GMT',
21 silly get     'content-type': 'application/json',
21 silly get     'content-length': '21',
21 silly get     connection: 'keep-alive',
21 silly get     'set-cookie':
21 silly get      [ '__cfduid=d2110463fc5c3fefca92811ecf26fe0911539011008; expires=Tue, 08-Oct-19 15:03:28 GMT; path=/; domain=.registry.npmjs.com; HttpOnly' ],
21 silly get     'cf-cache-status': 'MISS',
21 silly get     'cache-control': 'max-age=300',
21 silly get     'cf-ray': '46697e906a3b78b0-LAX',
21 silly get     'expect-ct':
21 silly get      'max-age=604800, report-uri="https://report-uri.cloudflare.com/cdn-cgi/beacon/expect-ct"',
21 silly get     vary: 'accept-encoding, accept',
21 silly get     server: 'cloudflare' } ]
22 silly fetchPackageMetaData Error: Not found : webpack.NoErrorsPlugin
22 silly fetchPackageMetaData     at makeError (C:\Users\Administrator\AppData\Roaming\npm\node_modules\npm\node_modules\npm-registry-client\lib\request.js:302:12)
22 silly fetchPackageMetaData     at CachingRegistryClient.<anonymous> (C:\Users\Administrator\AppData\Roaming\npm\node_modules\npm\node_modules\npm-registry-client\lib\request.js:290:14)
22 silly fetchPackageMetaData     at Request._callback (C:\Users\Administrator\AppData\Roaming\npm\node_modules\npm\node_modules\npm-registry-client\lib\request.js:210:14)
22 silly fetchPackageMetaData     at Request.self.callback (C:\Users\Administrator\AppData\Roaming\npm\node_modules\npm\node_modules\request\request.js:187:22)
22 silly fetchPackageMetaData     at Request.emit (events.js:182:13)
22 silly fetchPackageMetaData     at Request.<anonymous> (C:\Users\Administrator\AppData\Roaming\npm\node_modules\npm\node_modules\request\request.js:1048:10)
22 silly fetchPackageMetaData     at Request.emit (events.js:182:13)
22 silly fetchPackageMetaData     at IncomingMessage.<anonymous> (C:\Users\Administrator\AppData\Roaming\npm\node_modules\npm\node_modules\request\request.js:969:12)
22 silly fetchPackageMetaData     at IncomingMessage.emit (events.js:187:15)
22 silly fetchPackageMetaData     at endReadableNT (_stream_readable.js:1092:12)
22 silly fetchPackageMetaData  error for webpack.NoErrorsPlugin { Error: Not found : webpack.NoErrorsPlugin
22 silly fetchPackageMetaData     at makeError (C:\Users\Administrator\AppData\Roaming\npm\node_modules\npm\node_modules\npm-registry-client\lib\request.js:302:12)
22 silly fetchPackageMetaData     at CachingRegistryClient.<anonymous> (C:\Users\Administrator\AppData\Roaming\npm\node_modules\npm\node_modules\npm-registry-client\lib\request.js:290:14)
22 silly fetchPackageMetaData     at Request._callback (C:\Users\Administrator\AppData\Roaming\npm\node_modules\npm\node_modules\npm-registry-client\lib\request.js:210:14)
22 silly fetchPackageMetaData     at Request.self.callback (C:\Users\Administrator\AppData\Roaming\npm\node_modules\npm\node_modules\request\request.js:187:22)
22 silly fetchPackageMetaData     at Request.emit (events.js:182:13)
22 silly fetchPackageMetaData     at Request.<anonymous> (C:\Users\Administrator\AppData\Roaming\npm\node_modules\npm\node_modules\request\request.js:1048:10)
22 silly fetchPackageMetaData     at Request.emit (events.js:182:13)
22 silly fetchPackageMetaData     at IncomingMessage.<anonymous> (C:\Users\Administrator\AppData\Roaming\npm\node_modules\npm\node_modules\request\request.js:969:12)
22 silly fetchPackageMetaData     at IncomingMessage.emit (events.js:187:15)
22 silly fetchPackageMetaData     at endReadableNT (_stream_readable.js:1092:12)
22 silly fetchPackageMetaData   pkgid: 'webpack.NoErrorsPlugin',
22 silly fetchPackageMetaData   statusCode: 404,
22 silly fetchPackageMetaData   code: 'E404' }
23 silly rollbackFailedOptional Starting
24 silly rollbackFailedOptional Finishing
25 silly runTopLevelLifecycles Finishing
26 silly install printInstalled
27 verbose stack Error: Not found : webpack.NoErrorsPlugin
27 verbose stack     at makeError (C:\Users\Administrator\AppData\Roaming\npm\node_modules\npm\node_modules\npm-registry-client\lib\request.js:302:12)
27 verbose stack     at CachingRegistryClient.<anonymous> (C:\Users\Administrator\AppData\Roaming\npm\node_modules\npm\node_modules\npm-registry-client\lib\request.js:290:14)
27 verbose stack     at Request._callback (C:\Users\Administrator\AppData\Roaming\npm\node_modules\npm\node_modules\npm-registry-client\lib\request.js:210:14)
27 verbose stack     at Request.self.callback (C:\Users\Administrator\AppData\Roaming\npm\node_modules\npm\node_modules\request\request.js:187:22)
27 verbose stack     at Request.emit (events.js:182:13)
27 verbose stack     at Request.<anonymous> (C:\Users\Administrator\AppData\Roaming\npm\node_modules\npm\node_modules\request\request.js:1048:10)
27 verbose stack     at Request.emit (events.js:182:13)
27 verbose stack     at IncomingMessage.<anonymous> (C:\Users\Administrator\AppData\Roaming\npm\node_modules\npm\node_modules\request\request.js:969:12)
27 verbose stack     at IncomingMessage.emit (events.js:187:15)
27 verbose stack     at endReadableNT (_stream_readable.js:1092:12)
28 verbose statusCode 404
29 verbose pkgid webpack.NoErrorsPlugin
30 verbose cwd D:\Nodejs_RN_Proc\WebpackReact
31 error Windows_NT 10.0.17134
32 error argv "C:\\Program Files\\nodejs\\node.exe" "C:\\Users\\Administrator\\AppData\\Roaming\\npm\\node_modules\\npm\\bin\\npm-cli.js" "install" "--save-dev" "webpack.NoErrorsPlugin"
33 error node v10.11.0
34 error npm  v3.10.9
35 error code E404
36 error 404 Not found : webpack.NoErrorsPlugin
37 error 404
38 error 404 'webpack.NoErrorsPlugin' is not in the npm registry.
39 error 404 Your package name is not valid, because
40 error 404 1. name can no longer contain capital letters
41 error 404 Note that you can also install from a
42 error 404 tarball, folder, http url, or git url.
43 verbose exit [ 1, true ]
